<?xml version="1.0" encoding="UTF-8"?>
<coverage generated="1599964696713" clover="3.2.0">
  <project timestamp="1599964696714" name="All files">
    <metrics statements="30" coveredstatements="30" conditionals="18" coveredconditionals="11" methods="11" coveredmethods="11" elements="59" coveredelements="52" complexity="0" loc="30" ncloc="30" packages="2" files="8" classes="8"/>
    <package name="src">
      <metrics statements="21" coveredstatements="21" conditionals="14" coveredconditionals="8" methods="5" coveredmethods="5"/>
      <file name="consts.js" path="C:\Users\chnichol\source\repos\mock-xrm\src\consts.js">
        <metrics statements="7" coveredstatements="7" conditionals="2" coveredconditionals="1" methods="0" coveredmethods="0"/>
        <line num="1" count="3" type="stmt"/>
        <line num="2" count="3" type="cond" truecount="1" falsecount="1"/>
        <line num="3" count="3" type="stmt"/>
        <line num="4" count="3" type="stmt"/>
        <line num="5" count="3" type="stmt"/>
        <line num="6" count="3" type="stmt"/>
        <line num="7" count="3" type="stmt"/>
      </file>
      <file name="retrieve.js" path="C:\Users\chnichol\source\repos\mock-xrm\src\retrieve.js">
        <metrics statements="5" coveredstatements="5" conditionals="3" coveredconditionals="2" methods="2" coveredmethods="2"/>
        <line num="4" count="1" type="cond" truecount="1" falsecount="0"/>
        <line num="5" count="1" type="stmt"/>
        <line num="6" count="1" type="stmt"/>
        <line num="7" count="1" type="cond" truecount="1" falsecount="1"/>
        <line num="8" count="1" type="stmt"/>
      </file>
      <file name="retrieveMetadata.js" path="C:\Users\chnichol\source\repos\mock-xrm\src\retrieveMetadata.js">
        <metrics statements="3" coveredstatements="3" conditionals="3" coveredconditionals="1" methods="1" coveredmethods="1"/>
        <line num="3" count="3" type="cond" truecount="0" falsecount="1"/>
        <line num="4" count="3" type="cond" truecount="1" falsecount="1"/>
        <line num="5" count="3" type="stmt"/>
      </file>
      <file name="retrieveMetadataMemo.js" path="C:\Users\chnichol\source\repos\mock-xrm\src\retrieveMetadataMemo.js">
        <metrics statements="1" coveredstatements="1" conditionals="0" coveredconditionals="0" methods="0" coveredmethods="0"/>
        <line num="4" count="2" type="stmt"/>
      </file>
      <file name="retrieveMultiple.js" path="C:\Users\chnichol\source\repos\mock-xrm\src\retrieveMultiple.js">
        <metrics statements="5" coveredstatements="5" conditionals="6" coveredconditionals="4" methods="2" coveredmethods="2"/>
        <line num="4" count="1" type="cond" truecount="2" falsecount="0"/>
        <line num="5" count="1" type="stmt"/>
        <line num="6" count="1" type="stmt"/>
        <line num="7" count="1" type="cond" truecount="2" falsecount="2"/>
        <line num="8" count="1" type="stmt"/>
      </file>
    </package>
    <package name="src.utility">
      <metrics statements="9" coveredstatements="9" conditionals="4" coveredconditionals="3" methods="6" coveredmethods="6"/>
      <file name="executeFetch.js" path="C:\Users\chnichol\source\repos\mock-xrm\src\utility\executeFetch.js">
        <metrics statements="2" coveredstatements="2" conditionals="2" coveredconditionals="1" methods="4" coveredmethods="4"/>
        <line num="3" count="5" type="stmt"/>
        <line num="4" count="5" type="stmt"/>
      </file>
      <file name="executeGet.js" path="C:\Users\chnichol\source\repos\mock-xrm\src\utility\executeGet.js">
        <metrics statements="1" coveredstatements="1" conditionals="0" coveredconditionals="0" methods="0" coveredmethods="0"/>
        <line num="4" count="3" type="stmt"/>
      </file>
      <file name="memoize.js" path="C:\Users\chnichol\source\repos\mock-xrm\src\utility\memoize.js">
        <metrics statements="6" coveredstatements="6" conditionals="2" coveredconditionals="2" methods="2" coveredmethods="2"/>
        <line num="1" count="2" type="stmt"/>
        <line num="2" count="2" type="stmt"/>
        <line num="4" count="2" type="stmt"/>
        <line num="5" count="2" type="stmt"/>
        <line num="6" count="2" type="cond" truecount="2" falsecount="0"/>
        <line num="7" count="2" type="stmt"/>
      </file>
    </package>
  </project>
</coverage>
