{"C:\\Users\\chnichol\\source\\repos\\mock-xrm\\src\\consts.js": {"path":"C:\\Users\\chnichol\\source\\repos\\mock-xrm\\src\\consts.js","statementMap":{"0":{"start":{"line":1,"column":18},"end":{"line":1,"column":41}},"1":{"start":{"line":2,"column":15},"end":{"line":2,"column":79}},"2":{"start":{"line":3,"column":15},"end":{"line":3,"column":23}},"3":{"start":{"line":4,"column":12},"end":{"line":4,"column":17}},"4":{"start":{"line":5,"column":13},"end":{"line":5,"column":19}},"5":{"start":{"line":6,"column":14},"end":{"line":6,"column":21}},"6":{"start":{"line":7,"column":15},"end":{"line":7,"column":23}},"7":{"start":{"line":8,"column":19},"end":{"line":8,"column":67}},"8":{"start":{"line":9,"column":21},"end":{"line":9,"column":63}}},"fnMap":{},"branchMap":{"0":{"loc":{"start":{"line":2,"column":18},"end":{"line":2,"column":63}},"type":"cond-expr","locations":[{"start":{"line":2,"column":49},"end":{"line":2,"column":58}},{"start":{"line":2,"column":61},"end":{"line":2,"column":63}}],"line":2},"1":{"loc":{"start":{"line":8,"column":19},"end":{"line":8,"column":67}},"type":"binary-expr","locations":[{"start":{"line":8,"column":19},"end":{"line":8,"column":48}},{"start":{"line":8,"column":52},"end":{"line":8,"column":67}}],"line":8}},"s":{"0":1,"1":1,"2":1,"3":1,"4":1,"5":1,"6":1,"7":1,"8":1},"f":{},"b":{"0":[1,0],"1":[1,0]},"_coverageSchema":"1a1c01bbd47fc00a2c39e90264f33305004495a9","hash":"1b48d650c724958abd22b0a26c35215a906beafe"}
,"C:\\Users\\chnichol\\source\\repos\\mock-xrm\\src\\retrieveMetadata.js": {"path":"C:\\Users\\chnichol\\source\\repos\\mock-xrm\\src\\retrieveMetadata.js","statementMap":{"0":{"start":{"line":3,"column":25},"end":{"line":6,"column":1}},"1":{"start":{"line":4,"column":17},"end":{"line":4,"column":232}},"2":{"start":{"line":5,"column":4},"end":{"line":5,"column":25}}},"fnMap":{"0":{"name":"(anonymous_0)","decl":{"start":{"line":3,"column":25},"end":{"line":3,"column":26}},"loc":{"start":{"line":3,"column":71},"end":{"line":6,"column":1}},"line":3}},"branchMap":{"0":{"loc":{"start":{"line":3,"column":51},"end":{"line":3,"column":66}},"type":"default-arg","locations":[{"start":{"line":3,"column":64},"end":{"line":3,"column":66}}],"line":3}},"s":{"0":1,"1":1,"2":1},"f":{"0":1},"b":{"0":[1]},"_coverageSchema":"1a1c01bbd47fc00a2c39e90264f33305004495a9","hash":"55d85ae419f7c3142933b12015809db0d405892b"}
,"C:\\Users\\chnichol\\source\\repos\\mock-xrm\\src\\retrieveMetadataMemo.js": {"path":"C:\\Users\\chnichol\\source\\repos\\mock-xrm\\src\\retrieveMetadataMemo.js","statementMap":{"0":{"start":{"line":4,"column":29},"end":{"line":4,"column":54}}},"fnMap":{},"branchMap":{},"s":{"0":1},"f":{},"b":{},"_coverageSchema":"1a1c01bbd47fc00a2c39e90264f33305004495a9","hash":"bec62efdc1c3ad6f7cf3369afe6c2e89e674f52c"}
,"C:\\Users\\chnichol\\source\\repos\\mock-xrm\\src\\retrieveMultiple.js": {"path":"C:\\Users\\chnichol\\source\\repos\\mock-xrm\\src\\retrieveMultiple.js","statementMap":{"0":{"start":{"line":5,"column":25},"end":{"line":8,"column":1}},"1":{"start":{"line":6,"column":17},"end":{"line":6,"column":114}},"2":{"start":{"line":7,"column":4},"end":{"line":7,"column":25}},"3":{"start":{"line":9,"column":26},"end":{"line":9,"column":265}},"4":{"start":{"line":9,"column":62},"end":{"line":9,"column":265}},"5":{"start":{"line":9,"column":90},"end":{"line":9,"column":265}}},"fnMap":{"0":{"name":"(anonymous_0)","decl":{"start":{"line":5,"column":25},"end":{"line":5,"column":26}},"loc":{"start":{"line":5,"column":86},"end":{"line":8,"column":1}},"line":5},"1":{"name":"(anonymous_1)","decl":{"start":{"line":9,"column":26},"end":{"line":9,"column":27}},"loc":{"start":{"line":9,"column":62},"end":{"line":9,"column":265}},"line":9},"2":{"name":"(anonymous_2)","decl":{"start":{"line":9,"column":62},"end":{"line":9,"column":63}},"loc":{"start":{"line":9,"column":90},"end":{"line":9,"column":265}},"line":9}},"branchMap":{"0":{"loc":{"start":{"line":5,"column":51},"end":{"line":5,"column":63}},"type":"default-arg","locations":[{"start":{"line":5,"column":61},"end":{"line":5,"column":63}}],"line":5},"1":{"loc":{"start":{"line":5,"column":65},"end":{"line":5,"column":81}},"type":"default-arg","locations":[{"start":{"line":5,"column":79},"end":{"line":5,"column":81}}],"line":5},"2":{"loc":{"start":{"line":9,"column":27},"end":{"line":9,"column":39}},"type":"default-arg","locations":[{"start":{"line":9,"column":37},"end":{"line":9,"column":39}}],"line":9},"3":{"loc":{"start":{"line":9,"column":41},"end":{"line":9,"column":57}},"type":"default-arg","locations":[{"start":{"line":9,"column":55},"end":{"line":9,"column":57}}],"line":9},"4":{"loc":{"start":{"line":9,"column":143},"end":{"line":9,"column":165}},"type":"cond-expr","locations":[{"start":{"line":9,"column":153},"end":{"line":9,"column":160}},{"start":{"line":9,"column":163},"end":{"line":9,"column":165}}],"line":9},"5":{"loc":{"start":{"line":9,"column":169},"end":{"line":9,"column":264}},"type":"cond-expr","locations":[{"start":{"line":9,"column":183},"end":{"line":9,"column":259}},{"start":{"line":9,"column":262},"end":{"line":9,"column":264}}],"line":9}},"s":{"0":1,"1":1,"2":1,"3":1,"4":1,"5":1},"f":{"0":1,"1":1,"2":1},"b":{"0":[1],"1":[1],"2":[0],"3":[0],"4":[0,1],"5":[0,1]},"_coverageSchema":"1a1c01bbd47fc00a2c39e90264f33305004495a9","hash":"ca5049571db043c8ad0db392dd475b942ee1a8ba"}
,"C:\\Users\\chnichol\\source\\repos\\mock-xrm\\src\\utility\\composeM.js": {"path":"C:\\Users\\chnichol\\source\\repos\\mock-xrm\\src\\utility\\composeM.js","statementMap":{"0":{"start":{"line":1,"column":17},"end":{"line":1,"column":91}},"1":{"start":{"line":1,"column":32},"end":{"line":1,"column":91}},"2":{"start":{"line":1,"column":44},"end":{"line":1,"column":90}},"3":{"start":{"line":1,"column":64},"end":{"line":1,"column":89}},"4":{"start":{"line":1,"column":69},"end":{"line":1,"column":89}}},"fnMap":{"0":{"name":"(anonymous_0)","decl":{"start":{"line":1,"column":17},"end":{"line":1,"column":18}},"loc":{"start":{"line":1,"column":32},"end":{"line":1,"column":91}},"line":1},"1":{"name":"(anonymous_1)","decl":{"start":{"line":1,"column":32},"end":{"line":1,"column":33}},"loc":{"start":{"line":1,"column":44},"end":{"line":1,"column":90}},"line":1},"2":{"name":"(anonymous_2)","decl":{"start":{"line":1,"column":54},"end":{"line":1,"column":55}},"loc":{"start":{"line":1,"column":64},"end":{"line":1,"column":89}},"line":1},"3":{"name":"(anonymous_3)","decl":{"start":{"line":1,"column":64},"end":{"line":1,"column":65}},"loc":{"start":{"line":1,"column":69},"end":{"line":1,"column":89}},"line":1}},"branchMap":{},"s":{"0":1,"1":1,"2":1,"3":1,"4":1},"f":{"0":1,"1":1,"2":1,"3":1},"b":{},"_coverageSchema":"1a1c01bbd47fc00a2c39e90264f33305004495a9","hash":"27acef9e5c690db3a86fe23e445c1cd0053f5df8"}
,"C:\\Users\\chnichol\\source\\repos\\mock-xrm\\src\\utility\\composePromises.js": {"path":"C:\\Users\\chnichol\\source\\repos\\mock-xrm\\src\\utility\\composePromises.js","statementMap":{"0":{"start":{"line":3,"column":24},"end":{"line":3,"column":40}}},"fnMap":{},"branchMap":{},"s":{"0":1},"f":{},"b":{},"_coverageSchema":"1a1c01bbd47fc00a2c39e90264f33305004495a9","hash":"6d9fcbd3126baca86ca280cf2993047658c29fe4"}
,"C:\\Users\\chnichol\\source\\repos\\mock-xrm\\src\\utility\\executeFetch.js": {"path":"C:\\Users\\chnichol\\source\\repos\\mock-xrm\\src\\utility\\executeFetch.js","statementMap":{"0":{"start":{"line":5,"column":21},"end":{"line":17,"column":1}},"1":{"start":{"line":5,"column":33},"end":{"line":17,"column":1}},"2":{"start":{"line":5,"column":43},"end":{"line":17,"column":1}},"3":{"start":{"line":5,"column":55},"end":{"line":17,"column":1}},"4":{"start":{"line":6,"column":16},"end":{"line":6,"column":18}},"5":{"start":{"line":7,"column":2},"end":{"line":9,"column":3}},"6":{"start":{"line":8,"column":4},"end":{"line":8,"column":36}},"7":{"start":{"line":10,"column":2},"end":{"line":16,"column":5}}},"fnMap":{"0":{"name":"(anonymous_0)","decl":{"start":{"line":5,"column":21},"end":{"line":5,"column":22}},"loc":{"start":{"line":5,"column":33},"end":{"line":17,"column":1}},"line":5},"1":{"name":"(anonymous_1)","decl":{"start":{"line":5,"column":33},"end":{"line":5,"column":34}},"loc":{"start":{"line":5,"column":43},"end":{"line":17,"column":1}},"line":5},"2":{"name":"(anonymous_2)","decl":{"start":{"line":5,"column":43},"end":{"line":5,"column":44}},"loc":{"start":{"line":5,"column":55},"end":{"line":17,"column":1}},"line":5},"3":{"name":"(anonymous_3)","decl":{"start":{"line":5,"column":55},"end":{"line":5,"column":56}},"loc":{"start":{"line":5,"column":74},"end":{"line":17,"column":1}},"line":5}},"branchMap":{"0":{"loc":{"start":{"line":7,"column":2},"end":{"line":9,"column":3}},"type":"if","locations":[{"start":{"line":7,"column":2},"end":{"line":9,"column":3}},{"start":{"line":7,"column":2},"end":{"line":9,"column":3}}],"line":7},"1":{"loc":{"start":{"line":10,"column":18},"end":{"line":10,"column":51}},"type":"cond-expr","locations":[{"start":{"line":10,"column":28},"end":{"line":10,"column":41}},{"start":{"line":10,"column":44},"end":{"line":10,"column":51}}],"line":10},"2":{"loc":{"start":{"line":15,"column":10},"end":{"line":15,"column":38}},"type":"binary-expr","locations":[{"start":{"line":15,"column":10},"end":{"line":15,"column":14}},{"start":{"line":15,"column":18},"end":{"line":15,"column":38}}],"line":15}},"s":{"0":1,"1":1,"2":1,"3":2,"4":2,"5":2,"6":0,"7":2},"f":{"0":1,"1":1,"2":2,"3":2},"b":{"0":[0,2],"1":[0,2],"2":[2,0]},"_coverageSchema":"1a1c01bbd47fc00a2c39e90264f33305004495a9","hash":"e513bdfa582210694980414a2de97b72c73ccdb6"}
,"C:\\Users\\chnichol\\source\\repos\\mock-xrm\\src\\utility\\executeGet.js": {"path":"C:\\Users\\chnichol\\source\\repos\\mock-xrm\\src\\utility\\executeGet.js","statementMap":{"0":{"start":{"line":4,"column":19},"end":{"line":4,"column":38}}},"fnMap":{},"branchMap":{},"s":{"0":1},"f":{},"b":{},"_coverageSchema":"1a1c01bbd47fc00a2c39e90264f33305004495a9","hash":"2baf8661959267814a16242c02a0626f9cf0ccb6"}
,"C:\\Users\\chnichol\\source\\repos\\mock-xrm\\src\\utility\\isOnPremises.js": {"path":"C:\\Users\\chnichol\\source\\repos\\mock-xrm\\src\\utility\\isOnPremises.js","statementMap":{"0":{"start":{"line":3,"column":21},"end":{"line":3,"column":60}},"1":{"start":{"line":3,"column":27},"end":{"line":3,"column":60}}},"fnMap":{"0":{"name":"(anonymous_0)","decl":{"start":{"line":3,"column":21},"end":{"line":3,"column":22}},"loc":{"start":{"line":3,"column":27},"end":{"line":3,"column":60}},"line":3}},"branchMap":{},"s":{"0":1,"1":2},"f":{"0":2},"b":{},"_coverageSchema":"1a1c01bbd47fc00a2c39e90264f33305004495a9","hash":"786d9f52015ec32b85670a2a6e2f8881676731e5"}
,"C:\\Users\\chnichol\\source\\repos\\mock-xrm\\src\\utility\\memoize.js": {"path":"C:\\Users\\chnichol\\source\\repos\\mock-xrm\\src\\utility\\memoize.js","statementMap":{"0":{"start":{"line":1,"column":16},"end":{"line":9,"column":1}},"1":{"start":{"line":2,"column":16},"end":{"line":2,"column":18}},"2":{"start":{"line":4,"column":4},"end":{"line":8,"column":6}},"3":{"start":{"line":5,"column":19},"end":{"line":5,"column":44}},"4":{"start":{"line":6,"column":8},"end":{"line":6,"column":67}},"5":{"start":{"line":7,"column":8},"end":{"line":7,"column":27}}},"fnMap":{"0":{"name":"(anonymous_0)","decl":{"start":{"line":1,"column":16},"end":{"line":1,"column":17}},"loc":{"start":{"line":1,"column":33},"end":{"line":9,"column":1}},"line":1},"1":{"name":"(anonymous_1)","decl":{"start":{"line":4,"column":11},"end":{"line":4,"column":12}},"loc":{"start":{"line":4,"column":29},"end":{"line":8,"column":5}},"line":4}},"branchMap":{"0":{"loc":{"start":{"line":6,"column":22},"end":{"line":6,"column":66}},"type":"binary-expr","locations":[{"start":{"line":6,"column":22},"end":{"line":6,"column":33}},{"start":{"line":6,"column":37},"end":{"line":6,"column":66}}],"line":6}},"s":{"0":1,"1":2,"2":2,"3":1,"4":1,"5":1},"f":{"0":2,"1":1},"b":{"0":[1,1]},"_coverageSchema":"1a1c01bbd47fc00a2c39e90264f33305004495a9","hash":"4bf12dae19b73bcb6cb4d68beba842e361adf5d2"}
,"C:\\Users\\chnichol\\source\\repos\\mock-xrm\\src\\utility\\orgUniqueName.js": {"path":"C:\\Users\\chnichol\\source\\repos\\mock-xrm\\src\\utility\\orgUniqueName.js","statementMap":{"0":{"start":{"line":3,"column":22},"end":{"line":6,"column":2}},"1":{"start":{"line":4,"column":17},"end":{"line":4,"column":99}},"2":{"start":{"line":5,"column":4},"end":{"line":5,"column":96}},"3":{"start":{"line":5,"column":38},"end":{"line":5,"column":94}}},"fnMap":{"0":{"name":"(anonymous_0)","decl":{"start":{"line":3,"column":30},"end":{"line":3,"column":31}},"loc":{"start":{"line":3,"column":42},"end":{"line":6,"column":1}},"line":3},"1":{"name":"(anonymous_1)","decl":{"start":{"line":5,"column":30},"end":{"line":5,"column":31}},"loc":{"start":{"line":5,"column":38},"end":{"line":5,"column":94}},"line":5}},"branchMap":{},"s":{"0":1,"1":0,"2":0,"3":0},"f":{"0":0,"1":0},"b":{},"_coverageSchema":"1a1c01bbd47fc00a2c39e90264f33305004495a9","hash":"12c15c6a21555415588191e6b8918347f3977b09"}
}
