{"C:\\Users\\chnichol\\source\\repos\\mock-xrm\\src\\consts.js": {"path":"C:\\Users\\chnichol\\source\\repos\\mock-xrm\\src\\consts.js","statementMap":{"0":{"start":{"line":1,"column":18},"end":{"line":1,"column":41}},"1":{"start":{"line":2,"column":15},"end":{"line":2,"column":79}},"2":{"start":{"line":3,"column":15},"end":{"line":3,"column":23}},"3":{"start":{"line":4,"column":12},"end":{"line":4,"column":17}},"4":{"start":{"line":5,"column":13},"end":{"line":5,"column":19}},"5":{"start":{"line":6,"column":14},"end":{"line":6,"column":21}},"6":{"start":{"line":7,"column":15},"end":{"line":7,"column":23}},"7":{"start":{"line":8,"column":19},"end":{"line":8,"column":67}},"8":{"start":{"line":9,"column":21},"end":{"line":9,"column":63}}},"fnMap":{},"branchMap":{"0":{"loc":{"start":{"line":2,"column":18},"end":{"line":2,"column":63}},"type":"cond-expr","locations":[{"start":{"line":2,"column":49},"end":{"line":2,"column":58}},{"start":{"line":2,"column":61},"end":{"line":2,"column":63}}],"line":2},"1":{"loc":{"start":{"line":8,"column":19},"end":{"line":8,"column":67}},"type":"binary-expr","locations":[{"start":{"line":8,"column":19},"end":{"line":8,"column":48}},{"start":{"line":8,"column":52},"end":{"line":8,"column":67}}],"line":8}},"s":{"0":1,"1":1,"2":1,"3":1,"4":1,"5":1,"6":1,"7":1,"8":1},"f":{},"b":{"0":[1,0],"1":[1,0]},"_coverageSchema":"1a1c01bbd47fc00a2c39e90264f33305004495a9","hash":"1b48d650c724958abd22b0a26c35215a906beafe"}
,"C:\\Users\\chnichol\\source\\repos\\mock-xrm\\src\\utility\\isOnPremises.js": {"path":"C:\\Users\\chnichol\\source\\repos\\mock-xrm\\src\\utility\\isOnPremises.js","statementMap":{"0":{"start":{"line":3,"column":21},"end":{"line":3,"column":60}},"1":{"start":{"line":3,"column":27},"end":{"line":3,"column":60}}},"fnMap":{"0":{"name":"(anonymous_0)","decl":{"start":{"line":3,"column":21},"end":{"line":3,"column":22}},"loc":{"start":{"line":3,"column":27},"end":{"line":3,"column":60}},"line":3}},"branchMap":{},"s":{"0":1,"1":2},"f":{"0":2},"b":{},"_coverageSchema":"1a1c01bbd47fc00a2c39e90264f33305004495a9","hash":"786d9f52015ec32b85670a2a6e2f8881676731e5"}
}
